# JRE version: OpenJDK Runtime Environment (17.0.6) (build 17.0.6+0-b2043.56-9586694)
# Java VM: OpenJDK 64-Bit Server VM (17.0.6+0-b2043.56-9586694, mixed mode, tiered, compressed oops, compressed class ptrs, g1 gc, windows-amd64)
GC Precious Log:
 CPUs: 8 total, 8 available
 Memory: 7959M
 Large Page Support: Disabled
 NUMA Support: Disabled
 Compressed Oops: Enabled (32-bit)
 Heap Region Size: 1M
 Heap Min Capacity: 8M
 Heap Initial Capacity: 126M
 Heap Max Capacity: 2G
 Pre-touch: Disabled
 Parallel Workers: 8
 Concurrent Workers: 2
 Concurrent Refinement Workers: 8
 Periodic GC: Disabled
Heap:
 garbage-first heap   total 337920K, used 213747K [0x0000000080000000, 0x0000000100000000)
  region size 1024K, 6 young (6144K), 6 survivors (6144K)
 Metaspace       used 110861K, committed 111616K, reserved 1146880K
  class space    used 14999K, committed 15360K, reserved 1048576K
GC Heap History (20 events):
Event: 19.773 GC heap after
{Heap after GC invocations=56 (full 0):
 garbage-first heap   total 281600K, used 118058K [0x0000000080000000, 0x0000000100000000)
  region size 1024K, 10 young (10240K), 10 survivors (10240K)
 Metaspace       used 90862K, committed 91456K, reserved 1130496K
  class space    used 12059K, committed 12352K, reserved 1048576K
}
Event: 20.169 GC heap before
{Heap before GC invocations=56 (full 0):
 garbage-first heap   total 281600K, used 199978K [0x0000000080000000, 0x0000000100000000)
  region size 1024K, 89 young (91136K), 10 survivors (10240K)
 Metaspace       used 91937K, committed 92480K, reserved 1130496K
  class space    used 12145K, committed 12416K, reserved 1048576K
}
Event: 20.179 GC heap after
{Heap after GC invocations=57 (full 0):
 garbage-first heap   total 281600K, used 125667K [0x0000000080000000, 0x0000000100000000)
  region size 1024K, 8 young (8192K), 8 survivors (8192K)
 Metaspace       used 91937K, committed 92480K, reserved 1130496K
  class space    used 12145K, committed 12416K, reserved 1048576K
}
Event: 20.571 GC heap before
{Heap before GC invocations=57 (full 0):
 garbage-first heap   total 281600K, used 207587K [0x0000000080000000, 0x0000000100000000)
  region size 1024K, 89 young (91136K), 8 survivors (8192K)
 Metaspace       used 92178K, committed 92736K, reserved 1130496K
  class space    used 12153K, committed 12416K, reserved 1048576K
}
Event: 20.576 GC heap after
{Heap after GC invocations=58 (full 0):
 garbage-first heap   total 281600K, used 123192K [0x0000000080000000, 0x0000000100000000)
  region size 1024K, 2 young (2048K), 2 survivors (2048K)
 Metaspace       used 92178K, committed 92736K, reserved 1130496K
  class space    used 12153K, committed 12416K, reserved 1048576K
}
Event: 21.764 GC heap before
{Heap before GC invocations=58 (full 0):
 garbage-first heap   total 281600K, used 220472K [0x0000000080000000, 0x0000000100000000)
  region size 1024K, 96 young (98304K), 2 survivors (2048K)
 Metaspace       used 93943K, committed 94528K, reserved 1138688K
  class space    used 12350K, committed 12608K, reserved 1048576K
}
Event: 21.770 GC heap after
{Heap after GC invocations=59 (full 0):
 garbage-first heap   total 281600K, used 122865K [0x0000000080000000, 0x0000000100000000)
  region size 1024K, 4 young (4096K), 4 survivors (4096K)
 Metaspace       used 93943K, committed 94528K, reserved 1138688K
  class space    used 12350K, committed 12608K, reserved 1048576K
}
Event: 24.154 GC heap before
{Heap before GC invocations=59 (full 0):
 garbage-first heap   total 281600K, used 222193K [0x0000000080000000, 0x0000000100000000)
  region size 1024K, 102 young (104448K), 4 survivors (4096K)
 Metaspace       used 98757K, committed 99392K, reserved 1138688K
  class space    used 12969K, committed 13248K, reserved 1048576K
}
Event: 24.165 GC heap after
{Heap after GC invocations=60 (full 0):
 garbage-first heap   total 281600K, used 128639K [0x0000000080000000, 0x0000000100000000)
  region size 1024K, 10 young (10240K), 10 survivors (10240K)
 Metaspace       used 98757K, committed 99392K, reserved 1138688K
  class space    used 12969K, committed 13248K, reserved 1048576K
}
Event: 24.547 GC heap before
{Heap before GC invocations=60 (full 0):
 garbage-first heap   total 281600K, used 224895K [0x0000000080000000, 0x0000000100000000)
  region size 1024K, 105 young (107520K), 10 survivors (10240K)
 Metaspace       used 100073K, committed 100672K, reserved 1138688K
  class space    used 13165K, committed 13440K, reserved 1048576K
}
Event: 24.560 GC heap after
{Heap after GC invocations=61 (full 0):
 garbage-first heap   total 281600K, used 148525K [0x0000000080000000, 0x0000000100000000)
  region size 1024K, 14 young (14336K), 14 survivors (14336K)
 Metaspace       used 100073K, committed 100672K, reserved 1138688K
  class space    used 13165K, committed 13440K, reserved 1048576K
}
Event: 25.113 GC heap before
{Heap before GC invocations=61 (full 0):
 garbage-first heap   total 281600K, used 218157K [0x0000000080000000, 0x0000000100000000)
  region size 1024K, 83 young (84992K), 14 survivors (14336K)
 Metaspace       used 103838K, committed 104512K, reserved 1146880K
  class space    used 13785K, committed 14144K, reserved 1048576K
}
Event: 25.134 GC heap after
{Heap after GC invocations=62 (full 0):
 garbage-first heap   total 337920K, used 156367K [0x0000000080000000, 0x0000000100000000)
  region size 1024K, 11 young (11264K), 11 survivors (11264K)
 Metaspace       used 103838K, committed 104512K, reserved 1146880K
  class space    used 13785K, committed 14144K, reserved 1048576K
}
Event: 25.549 GC heap before
{Heap before GC invocations=62 (full 0):
 garbage-first heap   total 337920K, used 261839K [0x0000000080000000, 0x0000000100000000)
  region size 1024K, 115 young (117760K), 11 survivors (11264K)
 Metaspace       used 106404K, committed 107136K, reserved 1146880K
  class space    used 14175K, committed 14528K, reserved 1048576K
}
Event: 25.583 GC heap after
{Heap after GC invocations=63 (full 0):
 garbage-first heap   total 337920K, used 175948K [0x0000000080000000, 0x0000000100000000)
  region size 1024K, 15 young (15360K), 15 survivors (15360K)
 Metaspace       used 106404K, committed 107136K, reserved 1146880K
  class space    used 14175K, committed 14528K, reserved 1048576K
}
Event: 25.922 GC heap before
{Heap before GC invocations=63 (full 0):
 garbage-first heap   total 337920K, used 264012K [0x0000000080000000, 0x0000000100000000)
  region size 1024K, 101 young (103424K), 15 survivors (15360K)
 Metaspace       used 108171K, committed 108864K, reserved 1146880K
  class space    used 14523K, committed 14848K, reserved 1048576K
}
Event: 25.958 GC heap after
{Heap after GC invocations=64 (full 0):
 garbage-first heap   total 337920K, used 192476K [0x0000000080000000, 0x0000000100000000)
  region size 1024K, 13 young (13312K), 13 survivors (13312K)
 Metaspace       used 108171K, committed 108864K, reserved 1146880K
  class space    used 14523K, committed 14848K, reserved 1048576K
}
Event: 26.466 GC heap before
{Heap before GC invocations=64 (full 0):
 garbage-first heap   total 337920K, used 268252K [0x0000000080000000, 0x0000000100000000)
  region size 1024K, 87 young (89088K), 13 survivors (13312K)
 Metaspace       used 109760K, committed 110400K, reserved 1146880K
  class space    used 14850K, committed 15168K, reserved 1048576K
}
Event: 26.499 GC heap after
{Heap after GC invocations=65 (full 0):
 garbage-first heap   total 337920K, used 206633K [0x0000000080000000, 0x0000000100000000)
  region size 1024K, 11 young (11264K), 11 survivors (11264K)
 Metaspace       used 109760K, committed 110400K, reserved 1146880K
  class space    used 14850K, committed 15168K, reserved 1048576K
}
Event: 26.901 GC heap before
{Heap before GC invocations=65 (full 0):
 garbage-first heap   total 337920K, used 272169K [0x0000000080000000, 0x0000000100000000)
  region size 1024K, 76 young (77824K), 11 survivors (11264K)
 Metaspace       used 110861K, committed 111616K, reserved 1146880K
  class space    used 14999K, committed 15360K, reserved 1048576K
}

